# JRE version: OpenJDK Runtime Environment (11.0.13) (build 11.0.13+0-b1751.21-8125866)
# Java VM: OpenJDK 64-Bit Server VM (11.0.13+0-b1751.21-8125866, mixed mode, tiered, compressed oops, g1 gc, windows-amd64)
Heap:
 garbage-first heap   total 107520K, used 76960K [0x0000000080000000, 0x0000000100000000)
  region size 1024K, 18 young (18432K), 3 survivors (3072K)
 Metaspace       used 45946K, capacity 47099K, committed 47408K, reserved 1091584K
  class space    used 5737K, capacity 6153K, committed 6272K, reserved 1048576K
GC Heap History (20 events):
Event: 22.550 GC heap before
{Heap before GC invocations=23 (full 0):
 garbage-first heap   total 73728K, used 45877K [0x0000000080000000, 0x0000000100000000)
  region size 1024K, 6 young (6144K), 2 survivors (2048K)
 Metaspace       used 37945K, capacity 39060K, committed 39216K, reserved 1083392K
  class space    used 4827K, capacity 5210K, committed 5248K, reserved 1048576K
}
Event: 22.555 GC heap after
{Heap after GC invocations=24 (full 0):
 garbage-first heap   total 89088K, used 44910K [0x0000000080000000, 0x0000000100000000)
  region size 1024K, 1 young (1024K), 1 survivors (1024K)
 Metaspace       used 37945K, capacity 39060K, committed 39216K, reserved 1083392K
  class space    used 4827K, capacity 5210K, committed 5248K, reserved 1048576K
}
Event: 24.706 GC heap before
{Heap before GC invocations=25 (full 0):
 garbage-first heap   total 89088K, used 68462K [0x0000000080000000, 0x0000000100000000)
  region size 1024K, 22 young (22528K), 1 survivors (1024K)
 Metaspace       used 40826K, capacity 41903K, committed 42160K, reserved 1085440K
  class space    used 5129K, capacity 5517K, committed 5632K, reserved 1048576K
}
Event: 24.727 GC heap after
{Heap after GC invocations=26 (full 0):
 garbage-first heap   total 89088K, used 45479K [0x0000000080000000, 0x0000000100000000)
  region size 1024K, 2 young (2048K), 2 survivors (2048K)
 Metaspace       used 40826K, capacity 41903K, committed 42160K, reserved 1085440K
  class space    used 5129K, capacity 5517K, committed 5632K, reserved 1048576K
}
Event: 26.051 GC heap before
{Heap before GC invocations=26 (full 0):
 garbage-first heap   total 89088K, used 66983K [0x0000000080000000, 0x0000000100000000)
  region size 1024K, 24 young (24576K), 2 survivors (2048K)
 Metaspace       used 42297K, capacity 43474K, committed 43568K, reserved 1087488K
  class space    used 5336K, capacity 5737K, committed 5760K, reserved 1048576K
}
Event: 26.060 GC heap after
{Heap after GC invocations=27 (full 0):
 garbage-first heap   total 89088K, used 46728K [0x0000000080000000, 0x0000000100000000)
  region size 1024K, 3 young (3072K), 3 survivors (3072K)
 Metaspace       used 42297K, capacity 43474K, committed 43568K, reserved 1087488K
  class space    used 5336K, capacity 5737K, committed 5760K, reserved 1048576K
}
Event: 26.652 GC heap before
{Heap before GC invocations=28 (full 0):
 garbage-first heap   total 89088K, used 50824K [0x0000000080000000, 0x0000000100000000)
  region size 1024K, 4 young (4096K), 3 survivors (3072K)
 Metaspace       used 42298K, capacity 43474K, committed 43568K, reserved 1087488K
  class space    used 5336K, capacity 5737K, committed 5760K, reserved 1048576K
}
Event: 26.668 GC heap after
{Heap after GC invocations=29 (full 0):
 garbage-first heap   total 89088K, used 51770K [0x0000000080000000, 0x0000000100000000)
  region size 1024K, 3 young (3072K), 3 survivors (3072K)
 Metaspace       used 42298K, capacity 43474K, committed 43568K, reserved 1087488K
  class space    used 5336K, capacity 5737K, committed 5760K, reserved 1048576K
}
Event: 26.800 GC heap before
{Heap before GC invocations=30 (full 0):
 garbage-first heap   total 89088K, used 54842K [0x0000000080000000, 0x0000000100000000)
  region size 1024K, 4 young (4096K), 3 survivors (3072K)
 Metaspace       used 42298K, capacity 43474K, committed 43568K, reserved 1087488K
  class space    used 5336K, capacity 5737K, committed 5760K, reserved 1048576K
}
Event: 26.814 GC heap after
{Heap after GC invocations=31 (full 0):
 garbage-first heap   total 89088K, used 54894K [0x0000000080000000, 0x0000000100000000)
  region size 1024K, 1 young (1024K), 1 survivors (1024K)
 Metaspace       used 42298K, capacity 43474K, committed 43568K, reserved 1087488K
  class space    used 5336K, capacity 5737K, committed 5760K, reserved 1048576K
}
Event: 26.920 GC heap before
{Heap before GC invocations=32 (full 0):
 garbage-first heap   total 89088K, used 56942K [0x0000000080000000, 0x0000000100000000)
  region size 1024K, 2 young (2048K), 1 survivors (1024K)
 Metaspace       used 42298K, capacity 43474K, committed 43568K, reserved 1087488K
  class space    used 5336K, capacity 5737K, committed 5760K, reserved 1048576K
}
Event: 26.922 GC heap after
{Heap after GC invocations=33 (full 0):
 garbage-first heap   total 89088K, used 57439K [0x0000000080000000, 0x0000000100000000)
  region size 1024K, 2 young (2048K), 2 survivors (2048K)
 Metaspace       used 42298K, capacity 43474K, committed 43568K, reserved 1087488K
  class space    used 5336K, capacity 5737K, committed 5760K, reserved 1048576K
}
Event: 27.261 GC heap before
{Heap before GC invocations=34 (full 0):
 garbage-first heap   total 89088K, used 69727K [0x0000000080000000, 0x0000000100000000)
  region size 1024K, 11 young (11264K), 2 survivors (2048K)
 Metaspace       used 42727K, capacity 43839K, committed 43952K, reserved 1087488K
  class space    used 5401K, capacity 5792K, committed 5888K, reserved 1048576K
}
Event: 27.267 GC heap after
{Heap after GC invocations=35 (full 0):
 garbage-first heap   total 89088K, used 61063K [0x0000000080000000, 0x0000000100000000)
  region size 1024K, 2 young (2048K), 2 survivors (2048K)
 Metaspace       used 42727K, capacity 43839K, committed 43952K, reserved 1087488K
  class space    used 5401K, capacity 5792K, committed 5888K, reserved 1048576K
}
Event: 27.406 GC heap before
{Heap before GC invocations=35 (full 0):
 garbage-first heap   total 89088K, used 67207K [0x0000000080000000, 0x0000000100000000)
  region size 1024K, 10 young (10240K), 2 survivors (2048K)
 Metaspace       used 43174K, capacity 44385K, committed 44464K, reserved 1087488K
  class space    used 5439K, capacity 5868K, committed 5888K, reserved 1048576K
}
Event: 27.416 GC heap after
{Heap after GC invocations=36 (full 0):
 garbage-first heap   total 89088K, used 62125K [0x0000000080000000, 0x0000000100000000)
  region size 1024K, 2 young (2048K), 2 survivors (2048K)
 Metaspace       used 43174K, capacity 44385K, committed 44464K, reserved 1087488K
  class space    used 5439K, capacity 5868K, committed 5888K, reserved 1048576K
}
Event: 27.767 GC heap before
{Heap before GC invocations=37 (full 0):
 garbage-first heap   total 89088K, used 70317K [0x0000000080000000, 0x0000000100000000)
  region size 1024K, 10 young (10240K), 2 survivors (2048K)
 Metaspace       used 44478K, capacity 45667K, committed 45872K, reserved 1089536K
  class space    used 5509K, capacity 5932K, committed 6016K, reserved 1048576K
}
Event: 27.774 GC heap after
{Heap after GC invocations=38 (full 0):
 garbage-first heap   total 107520K, used 62247K [0x0000000080000000, 0x0000000100000000)
  region size 1024K, 1 young (1024K), 1 survivors (1024K)
 Metaspace       used 44478K, capacity 45667K, committed 45872K, reserved 1089536K
  class space    used 5509K, capacity 5932K, committed 6016K, reserved 1048576K
}
Event: 28.474 GC heap before
{Heap before GC invocations=38 (full 0):
 garbage-first heap   total 107520K, used 78631K [0x0000000080000000, 0x0000000100000000)
  region size 1024K, 17 young (17408K), 1 survivors (1024K)
 Metaspace       used 44848K, capacity 45989K, committed 46128K, reserved 1089536K
  class space    used 5553K, capacity 5975K, committed 6016K, reserved 1048576K
}
Event: 28.488 GC heap after
{Heap after GC invocations=39 (full 0):
 garbage-first heap   total 107520K, used 63648K [0x0000000080000000, 0x0000000100000000)
  region size 1024K, 3 young (3072K), 3 survivors (3072K)
 Metaspace       used 44848K, capacity 45989K, committed 46128K, reserved 1089536K
  class space    used 5553K, capacity 5975K, committed 6016K, reserved 1048576K
}

