# JRE version: OpenJDK Runtime Environment (11.0.13) (build 11.0.13+0-b1751.21-8125866)
# Java VM: OpenJDK 64-Bit Server VM (11.0.13+0-b1751.21-8125866, mixed mode, tiered, compressed oops, g1 gc, windows-amd64)
Heap:
 garbage-first heap   total 107520K, used 53225K [0x0000000080000000, 0x0000000100000000)
  region size 1024K, 4 young (4096K), 3 survivors (3072K)
 Metaspace       used 42219K, capacity 43335K, committed 43568K, reserved 1087488K
  class space    used 5338K, capacity 5737K, committed 5760K, reserved 1048576K
GC Heap History (20 events):
Event: 13.073 GC heap before
{Heap before GC invocations=14 (full 0):
 garbage-first heap   total 73728K, used 52421K [0x0000000080000000, 0x0000000100000000)
  region size 1024K, 14 young (14336K), 2 survivors (2048K)
 Metaspace       used 28282K, capacity 29086K, committed 29360K, reserved 1075200K
  class space    used 3707K, capacity 4002K, committed 4096K, reserved 1048576K
}
Event: 13.077 GC heap after
{Heap after GC invocations=15 (full 0):
 garbage-first heap   total 73728K, used 40616K [0x0000000080000000, 0x0000000100000000)
  region size 1024K, 2 young (2048K), 2 survivors (2048K)
 Metaspace       used 28282K, capacity 29086K, committed 29360K, reserved 1075200K
  class space    used 3707K, capacity 4002K, committed 4096K, reserved 1048576K
}
Event: 13.460 GC heap before
{Heap before GC invocations=16 (full 0):
 garbage-first heap   total 73728K, used 52904K [0x0000000080000000, 0x0000000100000000)
  region size 1024K, 14 young (14336K), 2 survivors (2048K)
 Metaspace       used 29514K, capacity 30381K, committed 30512K, reserved 1075200K
  class space    used 3894K, capacity 4177K, committed 4224K, reserved 1048576K
}
Event: 13.465 GC heap after
{Heap after GC invocations=17 (full 0):
 garbage-first heap   total 73728K, used 41217K [0x0000000080000000, 0x0000000100000000)
  region size 1024K, 1 young (1024K), 1 survivors (1024K)
 Metaspace       used 29514K, capacity 30381K, committed 30512K, reserved 1075200K
  class space    used 3894K, capacity 4177K, committed 4224K, reserved 1048576K
}
Event: 14.034 GC heap before
{Heap before GC invocations=17 (full 0):
 garbage-first heap   total 73728K, used 54529K [0x0000000080000000, 0x0000000100000000)
  region size 1024K, 14 young (14336K), 1 survivors (1024K)
 Metaspace       used 31507K, capacity 32376K, committed 32688K, reserved 1077248K
  class space    used 4204K, capacity 4501K, committed 4608K, reserved 1048576K
}
Event: 14.040 GC heap after
{Heap after GC invocations=18 (full 0):
 garbage-first heap   total 73728K, used 41804K [0x0000000080000000, 0x0000000100000000)
  region size 1024K, 2 young (2048K), 2 survivors (2048K)
 Metaspace       used 31507K, capacity 32376K, committed 32688K, reserved 1077248K
  class space    used 4204K, capacity 4501K, committed 4608K, reserved 1048576K
}
Event: 15.321 GC heap before
{Heap before GC invocations=19 (full 0):
 garbage-first heap   total 73728K, used 55116K [0x0000000080000000, 0x0000000100000000)
  region size 1024K, 15 young (15360K), 2 survivors (2048K)
 Metaspace       used 35756K, capacity 36835K, committed 36912K, reserved 1081344K
  class space    used 4619K, capacity 4988K, committed 4992K, reserved 1048576K
}
Event: 15.332 GC heap after
{Heap after GC invocations=20 (full 0):
 garbage-first heap   total 73728K, used 43737K [0x0000000080000000, 0x0000000100000000)
  region size 1024K, 2 young (2048K), 2 survivors (2048K)
 Metaspace       used 35756K, capacity 36835K, committed 36912K, reserved 1081344K
  class space    used 4619K, capacity 4988K, committed 4992K, reserved 1048576K
}
Event: 15.944 GC heap before
{Heap before GC invocations=20 (full 0):
 garbage-first heap   total 73728K, used 56025K [0x0000000080000000, 0x0000000100000000)
  region size 1024K, 15 young (15360K), 2 survivors (2048K)
 Metaspace       used 37356K, capacity 38393K, committed 38704K, reserved 1083392K
  class space    used 4770K, capacity 5142K, committed 5248K, reserved 1048576K
}
Event: 15.955 GC heap after
{Heap after GC invocations=21 (full 0):
 garbage-first heap   total 73728K, used 45661K [0x0000000080000000, 0x0000000100000000)
  region size 1024K, 2 young (2048K), 2 survivors (2048K)
 Metaspace       used 37356K, capacity 38393K, committed 38704K, reserved 1083392K
  class space    used 4770K, capacity 5142K, committed 5248K, reserved 1048576K
}
Event: 16.179 GC heap before
{Heap before GC invocations=22 (full 0):
 garbage-first heap   total 73728K, used 57949K [0x0000000080000000, 0x0000000100000000)
  region size 1024K, 14 young (14336K), 2 survivors (2048K)
 Metaspace       used 37375K, capacity 38401K, committed 38704K, reserved 1083392K
  class space    used 4772K, capacity 5143K, committed 5248K, reserved 1048576K
}
Event: 16.187 GC heap after
{Heap after GC invocations=23 (full 0):
 garbage-first heap   total 89088K, used 45923K [0x0000000080000000, 0x0000000100000000)
  region size 1024K, 1 young (1024K), 1 survivors (1024K)
 Metaspace       used 37375K, capacity 38401K, committed 38704K, reserved 1083392K
  class space    used 4772K, capacity 5143K, committed 5248K, reserved 1048576K
}
Event: 16.506 GC heap before
{Heap before GC invocations=23 (full 0):
 garbage-first heap   total 89088K, used 53091K [0x0000000080000000, 0x0000000100000000)
  region size 1024K, 10 young (10240K), 1 survivors (1024K)
 Metaspace       used 37870K, capacity 38931K, committed 39216K, reserved 1083392K
  class space    used 4823K, capacity 5211K, committed 5248K, reserved 1048576K
}
Event: 16.512 GC heap after
{Heap after GC invocations=24 (full 0):
 garbage-first heap   total 89088K, used 47149K [0x0000000080000000, 0x0000000100000000)
  region size 1024K, 3 young (3072K), 3 survivors (3072K)
 Metaspace       used 37870K, capacity 38931K, committed 39216K, reserved 1083392K
  class space    used 4823K, capacity 5211K, committed 5248K, reserved 1048576K
}
Event: 18.266 GC heap before
{Heap before GC invocations=25 (full 0):
 garbage-first heap   total 89088K, used 66605K [0x0000000080000000, 0x0000000100000000)
  region size 1024K, 19 young (19456K), 3 survivors (3072K)
 Metaspace       used 40233K, capacity 41325K, committed 41520K, reserved 1085440K
  class space    used 5042K, capacity 5411K, committed 5504K, reserved 1048576K
}
Event: 18.275 GC heap after
{Heap after GC invocations=26 (full 0):
 garbage-first heap   total 89088K, used 47758K [0x0000000080000000, 0x0000000100000000)
  region size 1024K, 2 young (2048K), 2 survivors (2048K)
 Metaspace       used 40233K, capacity 41325K, committed 41520K, reserved 1085440K
  class space    used 5042K, capacity 5411K, committed 5504K, reserved 1048576K
}
Event: 18.755 GC heap before
{Heap before GC invocations=26 (full 0):
 garbage-first heap   total 89088K, used 65166K [0x0000000080000000, 0x0000000100000000)
  region size 1024K, 19 young (19456K), 2 survivors (2048K)
 Metaspace       used 41671K, capacity 42760K, committed 43056K, reserved 1087488K
  class space    used 5251K, capacity 5637K, committed 5760K, reserved 1048576K
}
Event: 18.771 GC heap after
{Heap after GC invocations=27 (full 0):
 garbage-first heap   total 89088K, used 48178K [0x0000000080000000, 0x0000000100000000)
  region size 1024K, 2 young (2048K), 2 survivors (2048K)
 Metaspace       used 41671K, capacity 42760K, committed 43056K, reserved 1087488K
  class space    used 5251K, capacity 5637K, committed 5760K, reserved 1048576K
}
Event: 19.530 GC heap before
{Heap before GC invocations=28 (full 0):
 garbage-first heap   total 89088K, used 58418K [0x0000000080000000, 0x0000000100000000)
  region size 1024K, 13 young (13312K), 2 survivors (2048K)
 Metaspace       used 42218K, capacity 43335K, committed 43568K, reserved 1087488K
  class space    used 5338K, capacity 5737K, committed 5760K, reserved 1048576K
}
Event: 19.540 GC heap after
{Heap after GC invocations=29 (full 0):
 garbage-first heap   total 107520K, used 49129K [0x0000000080000000, 0x0000000100000000)
  region size 1024K, 3 young (3072K), 3 survivors (3072K)
 Metaspace       used 42218K, capacity 43335K, committed 43568K, reserved 1087488K
  class space    used 5338K, capacity 5737K, committed 5760K, reserved 1048576K
}

