# JRE version: OpenJDK Runtime Environment (11.0.13) (build 11.0.13+0-b1751.21-8125866)
# Java VM: OpenJDK 64-Bit Server VM (11.0.13+0-b1751.21-8125866, mixed mode, tiered, compressed oops, g1 gc, windows-amd64)
Heap:
 garbage-first heap   total 107520K, used 69961K [0x0000000080000000, 0x0000000100000000)
  region size 1024K, 3 young (3072K), 2 survivors (2048K)
 Metaspace       used 44797K, capacity 45992K, committed 46128K, reserved 1089536K
  class space    used 5550K, capacity 5975K, committed 6016K, reserved 1048576K
GC Heap History (20 events):
Event: 43.978 GC heap before
{Heap before GC invocations=41 (full 0):
 garbage-first heap   total 89088K, used 65285K [0x0000000080000000, 0x0000000100000000)
  region size 1024K, 12 young (12288K), 1 survivors (1024K)
 Metaspace       used 39946K, capacity 40948K, committed 41136K, reserved 1085440K
  class space    used 4992K, capacity 5346K, committed 5376K, reserved 1048576K
}
Event: 43.984 GC heap after
{Heap after GC invocations=42 (full 0):
 garbage-first heap   total 89088K, used 51610K [0x0000000080000000, 0x0000000100000000)
  region size 1024K, 1 young (1024K), 1 survivors (1024K)
 Metaspace       used 39946K, capacity 40948K, committed 41136K, reserved 1085440K
  class space    used 4992K, capacity 5346K, committed 5376K, reserved 1048576K
}
Event: 44.466 GC heap before
{Heap before GC invocations=42 (full 0):
 garbage-first heap   total 89088K, used 63898K [0x0000000080000000, 0x0000000100000000)
  region size 1024K, 13 young (13312K), 1 survivors (1024K)
 Metaspace       used 40952K, capacity 42047K, committed 42160K, reserved 1085440K
  class space    used 5151K, capacity 5523K, committed 5632K, reserved 1048576K
}
Event: 44.474 GC heap after
{Heap after GC invocations=43 (full 0):
 garbage-first heap   total 89088K, used 52106K [0x0000000080000000, 0x0000000100000000)
  region size 1024K, 2 young (2048K), 2 survivors (2048K)
 Metaspace       used 40952K, capacity 42047K, committed 42160K, reserved 1085440K
  class space    used 5151K, capacity 5523K, committed 5632K, reserved 1048576K
}
Event: 45.142 GC heap before
{Heap before GC invocations=44 (full 0):
 garbage-first heap   total 89088K, used 65418K [0x0000000080000000, 0x0000000100000000)
  region size 1024K, 15 young (15360K), 2 survivors (2048K)
 Metaspace       used 41891K, capacity 42954K, committed 43056K, reserved 1087488K
  class space    used 5284K, capacity 5678K, committed 5760K, reserved 1048576K
}
Event: 45.150 GC heap after
{Heap after GC invocations=45 (full 0):
 garbage-first heap   total 89088K, used 52313K [0x0000000080000000, 0x0000000100000000)
  region size 1024K, 1 young (1024K), 1 survivors (1024K)
 Metaspace       used 41891K, capacity 42954K, committed 43056K, reserved 1087488K
  class space    used 5284K, capacity 5678K, committed 5760K, reserved 1048576K
}
Event: 46.205 GC heap before
{Heap before GC invocations=45 (full 0):
 garbage-first heap   total 89088K, used 58457K [0x0000000080000000, 0x0000000100000000)
  region size 1024K, 8 young (8192K), 1 survivors (1024K)
 Metaspace       used 42265K, capacity 43477K, committed 43568K, reserved 1087488K
  class space    used 5337K, capacity 5737K, committed 5760K, reserved 1048576K
}
Event: 46.211 GC heap after
{Heap after GC invocations=46 (full 0):
 garbage-first heap   total 89088K, used 53303K [0x0000000080000000, 0x0000000100000000)
  region size 1024K, 2 young (2048K), 2 survivors (2048K)
 Metaspace       used 42265K, capacity 43477K, committed 43568K, reserved 1087488K
  class space    used 5337K, capacity 5737K, committed 5760K, reserved 1048576K
}
Event: 46.365 GC heap before
{Heap before GC invocations=47 (full 0):
 garbage-first heap   total 89088K, used 57399K [0x0000000080000000, 0x0000000100000000)
  region size 1024K, 3 young (3072K), 2 survivors (2048K)
 Metaspace       used 42265K, capacity 43477K, committed 43568K, reserved 1087488K
  class space    used 5337K, capacity 5737K, committed 5760K, reserved 1048576K
}
Event: 46.372 GC heap after
{Heap after GC invocations=48 (full 0):
 garbage-first heap   total 89088K, used 58268K [0x0000000080000000, 0x0000000100000000)
  region size 1024K, 2 young (2048K), 2 survivors (2048K)
 Metaspace       used 42265K, capacity 43477K, committed 43568K, reserved 1087488K
  class space    used 5337K, capacity 5737K, committed 5760K, reserved 1048576K
}
Event: 46.616 GC heap before
{Heap before GC invocations=49 (full 0):
 garbage-first heap   total 89088K, used 61340K [0x0000000080000000, 0x0000000100000000)
  region size 1024K, 3 young (3072K), 2 survivors (2048K)
 Metaspace       used 42266K, capacity 43477K, committed 43568K, reserved 1087488K
  class space    used 5337K, capacity 5737K, committed 5760K, reserved 1048576K
}
Event: 46.624 GC heap after
{Heap after GC invocations=50 (full 0):
 garbage-first heap   total 89088K, used 61386K [0x0000000080000000, 0x0000000100000000)
  region size 1024K, 1 young (1024K), 1 survivors (1024K)
 Metaspace       used 42266K, capacity 43477K, committed 43568K, reserved 1087488K
  class space    used 5337K, capacity 5737K, committed 5760K, reserved 1048576K
}
Event: 46.764 GC heap before
{Heap before GC invocations=51 (full 0):
 garbage-first heap   total 89088K, used 63434K [0x0000000080000000, 0x0000000100000000)
  region size 1024K, 2 young (2048K), 1 survivors (1024K)
 Metaspace       used 42266K, capacity 43477K, committed 43568K, reserved 1087488K
  class space    used 5337K, capacity 5737K, committed 5760K, reserved 1048576K
}
Event: 46.770 GC heap after
{Heap after GC invocations=52 (full 0):
 garbage-first heap   total 107520K, used 63644K [0x0000000080000000, 0x0000000100000000)
  region size 1024K, 1 young (1024K), 1 survivors (1024K)
 Metaspace       used 42266K, capacity 43477K, committed 43568K, reserved 1087488K
  class space    used 5337K, capacity 5737K, committed 5760K, reserved 1048576K
}
Event: 47.957 GC heap before
{Heap before GC invocations=53 (full 0):
 garbage-first heap   total 107520K, used 79004K [0x0000000080000000, 0x0000000100000000)
  region size 1024K, 13 young (13312K), 1 survivors (1024K)
 Metaspace       used 42816K, capacity 44002K, committed 44208K, reserved 1087488K
  class space    used 5417K, capacity 5803K, committed 5888K, reserved 1048576K
}
Event: 47.963 GC heap after
{Heap after GC invocations=54 (full 0):
 garbage-first heap   total 107520K, used 68197K [0x0000000080000000, 0x0000000100000000)
  region size 1024K, 2 young (2048K), 2 survivors (2048K)
 Metaspace       used 42816K, capacity 44002K, committed 44208K, reserved 1087488K
  class space    used 5417K, capacity 5803K, committed 5888K, reserved 1048576K
}
Event: 48.053 GC heap before
{Heap before GC invocations=54 (full 0):
 garbage-first heap   total 107520K, used 71269K [0x0000000080000000, 0x0000000100000000)
  region size 1024K, 7 young (7168K), 2 survivors (2048K)
 Metaspace       used 43150K, capacity 44388K, committed 44464K, reserved 1087488K
  class space    used 5440K, capacity 5868K, committed 5888K, reserved 1048576K
}
Event: 48.060 GC heap after
{Heap after GC invocations=55 (full 0):
 garbage-first heap   total 107520K, used 68617K [0x0000000080000000, 0x0000000100000000)
  region size 1024K, 1 young (1024K), 1 survivors (1024K)
 Metaspace       used 43150K, capacity 44388K, committed 44464K, reserved 1087488K
  class space    used 5440K, capacity 5868K, committed 5888K, reserved 1048576K
}
Event: 49.246 GC heap before
{Heap before GC invocations=56 (full 0):
 garbage-first heap   total 107520K, used 78857K [0x0000000080000000, 0x0000000100000000)
  region size 1024K, 11 young (11264K), 1 survivors (1024K)
 Metaspace       used 44653K, capacity 45832K, committed 46128K, reserved 1089536K
  class space    used 5532K, capacity 5966K, committed 6016K, reserved 1048576K
}
Event: 49.252 GC heap after
{Heap after GC invocations=57 (full 0):
 garbage-first heap   total 107520K, used 68853K [0x0000000080000000, 0x0000000100000000)
  region size 1024K, 1 young (1024K), 1 survivors (1024K)
 Metaspace       used 44653K, capacity 45832K, committed 46128K, reserved 1089536K
  class space    used 5532K, capacity 5966K, committed 6016K, reserved 1048576K
}

