# JRE version: OpenJDK Runtime Environment (11.0.13) (build 11.0.13+0-b1751.21-8125866)
# Java VM: OpenJDK 64-Bit Server VM (11.0.13+0-b1751.21-8125866, mixed mode, tiered, compressed oops, g1 gc, windows-amd64)
Heap:
 garbage-first heap   total 135168K, used 63388K [0x0000000080000000, 0x0000000100000000)
  region size 1024K, 3 young (3072K), 3 survivors (3072K)
 Metaspace       used 42270K, capacity 43406K, committed 43568K, reserved 1087488K
  class space    used 5339K, capacity 5737K, committed 5760K, reserved 1048576K
GC Heap History (20 events):
Event: 15.521 GC heap after
{Heap after GC invocations=29 (full 0):
 garbage-first heap   total 73728K, used 46887K [0x0000000080000000, 0x0000000100000000)
  region size 1024K, 2 young (2048K), 2 survivors (2048K)
 Metaspace       used 35607K, capacity 36651K, committed 36656K, reserved 1081344K
  class space    used 4602K, capacity 4988K, committed 4992K, reserved 1048576K
}
Event: 16.123 GC heap before
{Heap before GC invocations=29 (full 0):
 garbage-first heap   total 73728K, used 57127K [0x0000000080000000, 0x0000000100000000)
  region size 1024K, 13 young (13312K), 2 survivors (2048K)
 Metaspace       used 37393K, capacity 38465K, committed 38704K, reserved 1083392K
  class space    used 4771K, capacity 5142K, committed 5248K, reserved 1048576K
}
Event: 16.135 GC heap after
{Heap after GC invocations=30 (full 0):
 garbage-first heap   total 73728K, used 48399K [0x0000000080000000, 0x0000000100000000)
  region size 1024K, 2 young (2048K), 2 survivors (2048K)
 Metaspace       used 37393K, capacity 38465K, committed 38704K, reserved 1083392K
  class space    used 4771K, capacity 5142K, committed 5248K, reserved 1048576K
}
Event: 16.711 GC heap before
{Heap before GC invocations=31 (full 0):
 garbage-first heap   total 73728K, used 58639K [0x0000000080000000, 0x0000000100000000)
  region size 1024K, 12 young (12288K), 2 survivors (2048K)
 Metaspace       used 37393K, capacity 38465K, committed 38704K, reserved 1083392K
  class space    used 4771K, capacity 5142K, committed 5248K, reserved 1048576K
}
Event: 16.720 GC heap after
{Heap after GC invocations=32 (full 0):
 garbage-first heap   total 93184K, used 49377K [0x0000000080000000, 0x0000000100000000)
  region size 1024K, 2 young (2048K), 2 survivors (2048K)
 Metaspace       used 37393K, capacity 38465K, committed 38704K, reserved 1083392K
  class space    used 4771K, capacity 5142K, committed 5248K, reserved 1048576K
}
Event: 17.058 GC heap before
{Heap before GC invocations=32 (full 0):
 garbage-first heap   total 93184K, used 60641K [0x0000000080000000, 0x0000000100000000)
  region size 1024K, 14 young (14336K), 2 survivors (2048K)
 Metaspace       used 37907K, capacity 39002K, committed 39216K, reserved 1083392K
  class space    used 4823K, capacity 5211K, committed 5248K, reserved 1048576K
}
Event: 17.072 GC heap after
{Heap after GC invocations=33 (full 0):
 garbage-first heap   total 93184K, used 51191K [0x0000000080000000, 0x0000000100000000)
  region size 1024K, 3 young (3072K), 3 survivors (3072K)
 Metaspace       used 37907K, capacity 39002K, committed 39216K, reserved 1083392K
  class space    used 4823K, capacity 5211K, committed 5248K, reserved 1048576K
}
Event: 17.440 GC heap before
{Heap before GC invocations=34 (full 0):
 garbage-first heap   total 93184K, used 52215K [0x0000000080000000, 0x0000000100000000)
  region size 1024K, 3 young (3072K), 3 survivors (3072K)
 Metaspace       used 37907K, capacity 39002K, committed 39216K, reserved 1083392K
  class space    used 4823K, capacity 5211K, committed 5248K, reserved 1048576K
}
Event: 17.456 GC heap after
{Heap after GC invocations=35 (full 0):
 garbage-first heap   total 93184K, used 51658K [0x0000000080000000, 0x0000000100000000)
  region size 1024K, 0 young (0K), 0 survivors (0K)
 Metaspace       used 37907K, capacity 39002K, committed 39216K, reserved 1083392K
  class space    used 4823K, capacity 5211K, committed 5248K, reserved 1048576K
}
Event: 18.717 GC heap before
{Heap before GC invocations=36 (full 0):
 garbage-first heap   total 93184K, used 70090K [0x0000000080000000, 0x0000000100000000)
  region size 1024K, 17 young (17408K), 0 survivors (0K)
 Metaspace       used 40412K, capacity 41496K, committed 41776K, reserved 1085440K
  class space    used 5072K, capacity 5445K, committed 5504K, reserved 1048576K
}
Event: 18.724 GC heap after
{Heap after GC invocations=37 (full 0):
 garbage-first heap   total 93184K, used 51766K [0x0000000080000000, 0x0000000100000000)
  region size 1024K, 2 young (2048K), 2 survivors (2048K)
 Metaspace       used 40412K, capacity 41496K, committed 41776K, reserved 1085440K
  class space    used 5072K, capacity 5445K, committed 5504K, reserved 1048576K
}
Event: 19.400 GC heap before
{Heap before GC invocations=37 (full 0):
 garbage-first heap   total 93184K, used 70198K [0x0000000080000000, 0x0000000100000000)
  region size 1024K, 20 young (20480K), 2 survivors (2048K)
 Metaspace       used 41876K, capacity 42951K, committed 43056K, reserved 1087488K
  class space    used 5278K, capacity 5678K, committed 5760K, reserved 1048576K
}
Event: 19.407 GC heap after
{Heap after GC invocations=38 (full 0):
 garbage-first heap   total 112640K, used 52138K [0x0000000080000000, 0x0000000100000000)
  region size 1024K, 2 young (2048K), 2 survivors (2048K)
 Metaspace       used 41876K, capacity 42951K, committed 43056K, reserved 1087488K
  class space    used 5278K, capacity 5678K, committed 5760K, reserved 1048576K
}
Event: 19.898 GC heap before
{Heap before GC invocations=39 (full 0):
 garbage-first heap   total 112640K, used 59306K [0x0000000080000000, 0x0000000100000000)
  region size 1024K, 10 young (10240K), 2 survivors (2048K)
 Metaspace       used 42268K, capacity 43406K, committed 43568K, reserved 1087488K
  class space    used 5339K, capacity 5737K, committed 5760K, reserved 1048576K
}
Event: 19.909 GC heap after
{Heap after GC invocations=40 (full 0):
 garbage-first heap   total 112640K, used 53199K [0x0000000080000000, 0x0000000100000000)
  region size 1024K, 3 young (3072K), 3 survivors (3072K)
 Metaspace       used 42268K, capacity 43406K, committed 43568K, reserved 1087488K
  class space    used 5339K, capacity 5737K, committed 5760K, reserved 1048576K
}
Event: 20.060 GC heap before
{Heap before GC invocations=41 (full 0):
 garbage-first heap   total 112640K, used 57295K [0x0000000080000000, 0x0000000100000000)
  region size 1024K, 4 young (4096K), 3 survivors (3072K)
 Metaspace       used 42268K, capacity 43406K, committed 43568K, reserved 1087488K
  class space    used 5339K, capacity 5737K, committed 5760K, reserved 1048576K
}
Event: 20.069 GC heap after
{Heap after GC invocations=42 (full 0):
 garbage-first heap   total 112640K, used 58075K [0x0000000080000000, 0x0000000100000000)
  region size 1024K, 3 young (3072K), 3 survivors (3072K)
 Metaspace       used 42268K, capacity 43406K, committed 43568K, reserved 1087488K
  class space    used 5339K, capacity 5737K, committed 5760K, reserved 1048576K
}
Event: 20.208 GC heap before
{Heap before GC invocations=43 (full 0):
 garbage-first heap   total 112640K, used 61147K [0x0000000080000000, 0x0000000100000000)
  region size 1024K, 4 young (4096K), 3 survivors (3072K)
 Metaspace       used 42270K, capacity 43406K, committed 43568K, reserved 1087488K
  class space    used 5339K, capacity 5737K, committed 5760K, reserved 1048576K
}
Event: 20.215 GC heap after
{Heap after GC invocations=44 (full 0):
 garbage-first heap   total 112640K, used 61612K [0x0000000080000000, 0x0000000100000000)
  region size 1024K, 3 young (3072K), 3 survivors (3072K)
 Metaspace       used 42270K, capacity 43406K, committed 43568K, reserved 1087488K
  class space    used 5339K, capacity 5737K, committed 5760K, reserved 1048576K
}
Event: 20.336 GC heap before
{Heap before GC invocations=45 (full 0):
 garbage-first heap   total 112640K, used 63660K [0x0000000080000000, 0x0000000100000000)
  region size 1024K, 4 young (4096K), 3 survivors (3072K)
 Metaspace       used 42270K, capacity 43406K, committed 43568K, reserved 1087488K
  class space    used 5339K, capacity 5737K, committed 5760K, reserved 1048576K
}

