# JRE version: OpenJDK Runtime Environment (11.0.13) (build 11.0.13+0-b1751.21-8125866)
# Java VM: OpenJDK 64-Bit Server VM (11.0.13+0-b1751.21-8125866, mixed mode, tiered, compressed oops, g1 gc, windows-amd64)
Heap:
 garbage-first heap   total 225280K, used 111688K [0x0000000080000000, 0x0000000100000000)
  region size 1024K, 14 young (14336K), 2 survivors (2048K)
 Metaspace       used 126179K, capacity 129321K, committed 129436K, reserved 1163264K
  class space    used 15365K, capacity 16557K, committed 16620K, reserved 1048576K
GC Heap History (20 events):
Event: 567.668 GC heap before
{Heap before GC invocations=49 (full 0):
 garbage-first heap   total 225280K, used 147422K [0x0000000080000000, 0x0000000100000000)
  region size 1024K, 44 young (45056K), 1 survivors (1024K)
 Metaspace       used 116189K, capacity 119053K, committed 119324K, reserved 1153024K
  class space    used 14277K, capacity 15351K, committed 15468K, reserved 1048576K
}
Event: 567.710 GC heap after
{Heap after GC invocations=50 (full 0):
 garbage-first heap   total 225280K, used 110849K [0x0000000080000000, 0x0000000100000000)
  region size 1024K, 6 young (6144K), 6 survivors (6144K)
 Metaspace       used 116189K, capacity 119053K, committed 119324K, reserved 1153024K
  class space    used 14277K, capacity 15351K, committed 15468K, reserved 1048576K
}
Event: 569.291 GC heap before
{Heap before GC invocations=51 (full 0):
 garbage-first heap   total 225280K, used 152833K [0x0000000080000000, 0x0000000100000000)
  region size 1024K, 53 young (54272K), 6 survivors (6144K)
 Metaspace       used 116977K, capacity 119885K, committed 120220K, reserved 1155072K
  class space    used 14371K, capacity 15458K, committed 15596K, reserved 1048576K
}
Event: 569.328 GC heap after
{Heap after GC invocations=52 (full 0):
 garbage-first heap   total 225280K, used 108840K [0x0000000080000000, 0x0000000100000000)
  region size 1024K, 5 young (5120K), 5 survivors (5120K)
 Metaspace       used 116977K, capacity 119885K, committed 120220K, reserved 1155072K
  class space    used 14371K, capacity 15458K, committed 15596K, reserved 1048576K
}
Event: 569.610 GC heap before
{Heap before GC invocations=52 (full 0):
 garbage-first heap   total 225280K, used 113960K [0x0000000080000000, 0x0000000100000000)
  region size 1024K, 11 young (11264K), 5 survivors (5120K)
 Metaspace       used 117861K, capacity 120878K, committed 121116K, reserved 1155072K
  class space    used 14483K, capacity 15641K, committed 15724K, reserved 1048576K
}
Event: 569.656 GC heap after
{Heap after GC invocations=53 (full 0):
 garbage-first heap   total 225280K, used 99958K [0x0000000080000000, 0x0000000100000000)
  region size 1024K, 1 young (1024K), 1 survivors (1024K)
 Metaspace       used 117861K, capacity 120878K, committed 121116K, reserved 1155072K
  class space    used 14483K, capacity 15641K, committed 15724K, reserved 1048576K
}
Event: 573.366 GC heap before
{Heap before GC invocations=53 (full 0):
 garbage-first heap   total 225280K, used 156278K [0x0000000080000000, 0x0000000100000000)
  region size 1024K, 55 young (56320K), 1 survivors (1024K)
 Metaspace       used 123964K, capacity 127038K, committed 127260K, reserved 1161216K
  class space    used 15227K, capacity 16389K, committed 16492K, reserved 1048576K
}
Event: 573.415 GC heap after
{Heap after GC invocations=54 (full 0):
 garbage-first heap   total 225280K, used 111104K [0x0000000080000000, 0x0000000100000000)
  region size 1024K, 7 young (7168K), 7 survivors (7168K)
 Metaspace       used 123964K, capacity 127038K, committed 127260K, reserved 1161216K
  class space    used 15227K, capacity 16389K, committed 16492K, reserved 1048576K
}
Event: 576.370 GC heap before
{Heap before GC invocations=54 (full 0):
 garbage-first heap   total 225280K, used 161280K [0x0000000080000000, 0x0000000100000000)
  region size 1024K, 58 young (59392K), 7 survivors (7168K)
 Metaspace       used 125020K, capacity 128074K, committed 128412K, reserved 1161216K
  class space    used 15329K, capacity 16494K, committed 16620K, reserved 1048576K
}
Event: 576.397 GC heap after
{Heap after GC invocations=55 (full 0):
 garbage-first heap   total 225280K, used 110080K [0x0000000080000000, 0x0000000100000000)
  region size 1024K, 3 young (3072K), 3 survivors (3072K)
 Metaspace       used 125020K, capacity 128074K, committed 128412K, reserved 1161216K
  class space    used 15329K, capacity 16494K, committed 16620K, reserved 1048576K
}
Event: 766.211 GC heap before
{Heap before GC invocations=56 (full 0):
 garbage-first heap   total 225280K, used 185856K [0x0000000080000000, 0x0000000100000000)
  region size 1024K, 57 young (58368K), 3 survivors (3072K)
 Metaspace       used 125450K, capacity 128609K, committed 128924K, reserved 1161216K
  class space    used 15348K, capacity 16526K, committed 16620K, reserved 1048576K
}
Event: 766.384 GC heap after
{Heap after GC invocations=57 (full 0):
 garbage-first heap   total 225280K, used 114459K [0x0000000080000000, 0x0000000100000000)
  region size 1024K, 7 young (7168K), 7 survivors (7168K)
 Metaspace       used 125450K, capacity 128609K, committed 128924K, reserved 1161216K
  class space    used 15348K, capacity 16526K, committed 16620K, reserved 1048576K
}
Event: 767.126 GC heap before
{Heap before GC invocations=57 (full 0):
 garbage-first heap   total 225280K, used 119579K [0x0000000080000000, 0x0000000100000000)
  region size 1024K, 11 young (11264K), 7 survivors (7168K)
 Metaspace       used 125527K, capacity 128737K, committed 128924K, reserved 1161216K
  class space    used 15348K, capacity 16526K, committed 16620K, reserved 1048576K
}
Event: 767.226 GC heap after
{Heap after GC invocations=58 (full 0):
 garbage-first heap   total 225280K, used 117067K [0x0000000080000000, 0x0000000100000000)
  region size 1024K, 2 young (2048K), 2 survivors (2048K)
 Metaspace       used 125527K, capacity 128737K, committed 128924K, reserved 1161216K
  class space    used 15348K, capacity 16526K, committed 16620K, reserved 1048576K
}
Event: 770.338 GC heap before
{Heap before GC invocations=58 (full 0):
 garbage-first heap   total 225280K, used 170315K [0x0000000080000000, 0x0000000100000000)
  region size 1024K, 55 young (56320K), 2 survivors (2048K)
 Metaspace       used 125892K, capacity 129063K, committed 129180K, reserved 1161216K
  class space    used 15357K, capacity 16544K, committed 16620K, reserved 1048576K
}
Event: 770.366 GC heap after
{Heap after GC invocations=59 (full 0):
 garbage-first heap   total 225280K, used 117169K [0x0000000080000000, 0x0000000100000000)
  region size 1024K, 3 young (3072K), 3 survivors (3072K)
 Metaspace       used 125892K, capacity 129063K, committed 129180K, reserved 1161216K
  class space    used 15357K, capacity 16544K, committed 16620K, reserved 1048576K
}
Event: 957.706 GC heap before
{Heap before GC invocations=60 (full 0):
 garbage-first heap   total 225280K, used 189873K [0x0000000080000000, 0x0000000100000000)
  region size 1024K, 58 young (59392K), 3 survivors (3072K)
 Metaspace       used 126115K, capacity 129308K, committed 129436K, reserved 1163264K
  class space    used 15364K, capacity 16555K, committed 16620K, reserved 1048576K
}
Event: 957.869 GC heap after
{Heap after GC invocations=61 (full 0):
 garbage-first heap   total 225280K, used 114217K [0x0000000080000000, 0x0000000100000000)
  region size 1024K, 5 young (5120K), 5 survivors (5120K)
 Metaspace       used 126115K, capacity 129308K, committed 129436K, reserved 1163264K
  class space    used 15364K, capacity 16555K, committed 16620K, reserved 1048576K
}
Event: 958.353 GC heap before
{Heap before GC invocations=61 (full 0):
 garbage-first heap   total 225280K, used 120361K [0x0000000080000000, 0x0000000100000000)
  region size 1024K, 11 young (11264K), 5 survivors (5120K)
 Metaspace       used 126149K, capacity 129315K, committed 129436K, reserved 1163264K
  class space    used 15365K, capacity 16556K, committed 16620K, reserved 1048576K
}
Event: 958.565 GC heap after
{Heap after GC invocations=62 (full 0):
 garbage-first heap   total 225280K, used 100424K [0x0000000080000000, 0x0000000100000000)
  region size 1024K, 2 young (2048K), 2 survivors (2048K)
 Metaspace       used 126149K, capacity 129315K, committed 129436K, reserved 1163264K
  class space    used 15365K, capacity 16556K, committed 16620K, reserved 1048576K
}

