# JRE version: OpenJDK Runtime Environment (11.0.13) (build 11.0.13+0-b1751.21-8125866)
# Java VM: OpenJDK 64-Bit Server VM (11.0.13+0-b1751.21-8125866, mixed mode, tiered, compressed oops, g1 gc, windows-amd64)
Heap:
 garbage-first heap   total 73728K, used 60715K [0x0000000080000000, 0x0000000100000000)
  region size 1024K, 11 young (11264K), 1 survivors (1024K)
 Metaspace       used 42048K, capacity 43165K, committed 43312K, reserved 1087488K
  class space    used 5319K, capacity 5688K, committed 5760K, reserved 1048576K
GC Heap History (20 events):
Event: 20.257 GC heap before
{Heap before GC invocations=18 (full 0):
 garbage-first heap   total 61440K, used 49164K [0x0000000080000000, 0x0000000100000000)
  region size 1024K, 7 young (7168K), 1 survivors (1024K)
 Metaspace       used 28593K, capacity 29395K, committed 29616K, reserved 1075200K
  class space    used 3759K, capacity 4040K, committed 4096K, reserved 1048576K
}
Event: 20.265 GC heap after
{Heap after GC invocations=19 (full 0):
 garbage-first heap   total 73728K, used 43336K [0x0000000080000000, 0x0000000100000000)
  region size 1024K, 1 young (1024K), 1 survivors (1024K)
 Metaspace       used 28593K, capacity 29395K, committed 29616K, reserved 1075200K
  class space    used 3759K, capacity 4040K, committed 4096K, reserved 1048576K
}
Event: 21.690 GC heap before
{Heap before GC invocations=20 (full 0):
 garbage-first heap   total 73728K, used 55624K [0x0000000080000000, 0x0000000100000000)
  region size 1024K, 13 young (13312K), 1 survivors (1024K)
 Metaspace       used 29839K, capacity 30722K, committed 30896K, reserved 1075200K
  class space    used 3958K, capacity 4248K, committed 4352K, reserved 1048576K
}
Event: 21.696 GC heap after
{Heap after GC invocations=21 (full 0):
 garbage-first heap   total 73728K, used 43673K [0x0000000080000000, 0x0000000100000000)
  region size 1024K, 1 young (1024K), 1 survivors (1024K)
 Metaspace       used 29839K, capacity 30722K, committed 30896K, reserved 1075200K
  class space    used 3958K, capacity 4248K, committed 4352K, reserved 1048576K
}
Event: 23.423 GC heap before
{Heap before GC invocations=21 (full 0):
 garbage-first heap   total 73728K, used 55961K [0x0000000080000000, 0x0000000100000000)
  region size 1024K, 13 young (13312K), 1 survivors (1024K)
 Metaspace       used 31837K, capacity 32729K, committed 32944K, reserved 1077248K
  class space    used 4262K, capacity 4578K, committed 4608K, reserved 1048576K
}
Event: 23.435 GC heap after
{Heap after GC invocations=22 (full 0):
 garbage-first heap   total 73728K, used 44416K [0x0000000080000000, 0x0000000100000000)
  region size 1024K, 2 young (2048K), 2 survivors (2048K)
 Metaspace       used 31837K, capacity 32729K, committed 32944K, reserved 1077248K
  class space    used 4262K, capacity 4578K, committed 4608K, reserved 1048576K
}
Event: 25.512 GC heap before
{Heap before GC invocations=23 (full 0):
 garbage-first heap   total 73728K, used 55680K [0x0000000080000000, 0x0000000100000000)
  region size 1024K, 14 young (14336K), 2 survivors (2048K)
 Metaspace       used 35987K, capacity 37017K, committed 37296K, reserved 1081344K
  class space    used 4649K, capacity 5026K, committed 5120K, reserved 1048576K
}
Event: 25.524 GC heap after
{Heap after GC invocations=24 (full 0):
 garbage-first heap   total 73728K, used 46178K [0x0000000080000000, 0x0000000100000000)
  region size 1024K, 2 young (2048K), 2 survivors (2048K)
 Metaspace       used 35987K, capacity 37017K, committed 37296K, reserved 1081344K
  class space    used 4649K, capacity 5026K, committed 5120K, reserved 1048576K
}
Event: 26.485 GC heap before
{Heap before GC invocations=24 (full 0):
 garbage-first heap   total 73728K, used 56418K [0x0000000080000000, 0x0000000100000000)
  region size 1024K, 13 young (13312K), 2 survivors (2048K)
 Metaspace       used 37399K, capacity 38523K, committed 38704K, reserved 1083392K
  class space    used 4779K, capacity 5142K, committed 5248K, reserved 1048576K
}
Event: 26.504 GC heap after
{Heap after GC invocations=25 (full 0):
 garbage-first heap   total 73728K, used 47954K [0x0000000080000000, 0x0000000100000000)
  region size 1024K, 2 young (2048K), 2 survivors (2048K)
 Metaspace       used 37399K, capacity 38523K, committed 38704K, reserved 1083392K
  class space    used 4779K, capacity 5142K, committed 5248K, reserved 1048576K
}
Event: 26.931 GC heap before
{Heap before GC invocations=26 (full 0):
 garbage-first heap   total 73728K, used 58194K [0x0000000080000000, 0x0000000100000000)
  region size 1024K, 12 young (12288K), 2 survivors (2048K)
 Metaspace       used 37399K, capacity 38523K, committed 38704K, reserved 1083392K
  class space    used 4779K, capacity 5142K, committed 5248K, reserved 1048576K
}
Event: 26.938 GC heap after
{Heap after GC invocations=27 (full 0):
 garbage-first heap   total 73728K, used 48717K [0x0000000080000000, 0x0000000100000000)
  region size 1024K, 2 young (2048K), 2 survivors (2048K)
 Metaspace       used 37399K, capacity 38523K, committed 38704K, reserved 1083392K
  class space    used 4779K, capacity 5142K, committed 5248K, reserved 1048576K
}
Event: 27.881 GC heap before
{Heap before GC invocations=27 (full 0):
 garbage-first heap   total 73728K, used 57933K [0x0000000080000000, 0x0000000100000000)
  region size 1024K, 12 young (12288K), 2 survivors (2048K)
 Metaspace       used 37922K, capacity 39060K, committed 39216K, reserved 1083392K
  class space    used 4831K, capacity 5211K, committed 5248K, reserved 1048576K
}
Event: 27.890 GC heap after
{Heap after GC invocations=28 (full 0):
 garbage-first heap   total 73728K, used 50305K [0x0000000080000000, 0x0000000100000000)
  region size 1024K, 2 young (2048K), 2 survivors (2048K)
 Metaspace       used 37922K, capacity 39060K, committed 39216K, reserved 1083392K
  class space    used 4831K, capacity 5211K, committed 5248K, reserved 1048576K
}
Event: 29.631 GC heap before
{Heap before GC invocations=29 (full 0):
 garbage-first heap   total 73728K, used 63617K [0x0000000080000000, 0x0000000100000000)
  region size 1024K, 12 young (12288K), 2 survivors (2048K)
 Metaspace       used 39740K, capacity 40797K, committed 40880K, reserved 1085440K
  class space    used 4970K, capacity 5341K, committed 5376K, reserved 1048576K
}
Event: 29.641 GC heap after
{Heap after GC invocations=30 (full 0):
 garbage-first heap   total 73728K, used 51036K [0x0000000080000000, 0x0000000100000000)
  region size 1024K, 1 young (1024K), 1 survivors (1024K)
 Metaspace       used 39740K, capacity 40797K, committed 40880K, reserved 1085440K
  class space    used 4970K, capacity 5341K, committed 5376K, reserved 1048576K
}
Event: 30.742 GC heap before
{Heap before GC invocations=30 (full 0):
 garbage-first heap   total 73728K, used 60252K [0x0000000080000000, 0x0000000100000000)
  region size 1024K, 11 young (11264K), 1 survivors (1024K)
 Metaspace       used 40692K, capacity 41735K, committed 41776K, reserved 1085440K
  class space    used 5121K, capacity 5485K, committed 5504K, reserved 1048576K
}
Event: 30.747 GC heap after
{Heap after GC invocations=31 (full 0):
 garbage-first heap   total 73728K, used 51298K [0x0000000080000000, 0x0000000100000000)
  region size 1024K, 2 young (2048K), 2 survivors (2048K)
 Metaspace       used 40692K, capacity 41735K, committed 41776K, reserved 1085440K
  class space    used 5121K, capacity 5485K, committed 5504K, reserved 1048576K
}
Event: 31.276 GC heap before
{Heap before GC invocations=32 (full 0):
 garbage-first heap   total 73728K, used 60514K [0x0000000080000000, 0x0000000100000000)
  region size 1024K, 11 young (11264K), 2 survivors (2048K)
 Metaspace       used 41324K, capacity 42342K, committed 42416K, reserved 1085440K
  class space    used 5209K, capacity 5561K, committed 5632K, reserved 1048576K
}
Event: 31.283 GC heap after
{Heap after GC invocations=33 (full 0):
 garbage-first heap   total 73728K, used 51499K [0x0000000080000000, 0x0000000100000000)
  region size 1024K, 1 young (1024K), 1 survivors (1024K)
 Metaspace       used 41324K, capacity 42342K, committed 42416K, reserved 1085440K
  class space    used 5209K, capacity 5561K, committed 5632K, reserved 1048576K
}

